<?xml version="1.0" encoding="UTF-8" ?>
<testsuites>
  <testsuite errors="0" failures="0" hostname="DESKTOP-7693RGL" id="0" name="TS_test_xml" package="MyTestPackage" skipped="0" tests="4" time="0.331" timestamp="2023-04-12T13:09:10">
      <properties>
[...]
</properties>

      <testcase classname="com.wm.ps.test.WmTestCase" name="0.0 name_is_sidibe" time="0.128" />

      <testcase classname="com.wm.ps.test.WmTestCase" name="0.1 nameExiste" time="0.045" />

      <testcase classname="com.wm.ps.test.WmTestCase" name="0.2 nameUnexiste" time="0.039" />

      <testcase classname="com.wm.ps.test.WmTestCase" name="0.3 projet_exist" time="0.061" />

  </testsuite>
</testsuites>
